The system is: Linux - 2.6.32-696.3.2.el6.x86_64 - x86_64
Compiling the C compiler identification source file "CMakeCCompilerId.c" succeeded.
Compiler: /opt/software/GCC/4.8.2/bin/gcc 
Build flags: 
Id flags: 

The output was:
0


Compilation of the C compiler identification source "CMakeCCompilerId.c" produced "a.out"

The C compiler identification is GNU, found in "/mnt/home/dunan/Job/2018/GroupK/GroupK/yass/CMakeFiles/3.7.2/CompilerIdC/a.out"

Compiling the CXX compiler identification source file "CMakeCXXCompilerId.cpp" succeeded.
Compiler: /opt/software/GCC/4.8.2/bin/g++ 
Build flags: 
Id flags: 

The output was:
0


Compilation of the CXX compiler identification source "CMakeCXXCompilerId.cpp" produced "a.out"

The CXX compiler identification is GNU, found in "/mnt/home/dunan/Job/2018/GroupK/GroupK/yass/CMakeFiles/3.7.2/CompilerIdCXX/a.out"

Determining if the C compiler works passed with the following output:
Change Dir: /mnt/home/dunan/Job/2018/GroupK/GroupK/yass/CMakeFiles/CMakeTmp

Run Build Command:"/usr/bin/gmake" "cmTC_6c400/fast"
/usr/bin/gmake -f CMakeFiles/cmTC_6c400.dir/build.make CMakeFiles/cmTC_6c400.dir/build
gmake[1]: Entering directory `/mnt/home/dunan/Job/2018/GroupK/GroupK/yass/CMakeFiles/CMakeTmp'
Building C object CMakeFiles/cmTC_6c400.dir/testCCompiler.c.o
/opt/software/GCC/4.8.2/bin/gcc     -o CMakeFiles/cmTC_6c400.dir/testCCompiler.c.o   -c /mnt/home/dunan/Job/2018/GroupK/GroupK/yass/CMakeFiles/CMakeTmp/testCCompiler.c
Linking C executable cmTC_6c400
/opt/software/cmake/3.7.2--GCC-4.4.5/bin/cmake -E cmake_link_script CMakeFiles/cmTC_6c400.dir/link.txt --verbose=1
/opt/software/GCC/4.8.2/bin/gcc       CMakeFiles/cmTC_6c400.dir/testCCompiler.c.o  -o cmTC_6c400 
gmake[1]: Leaving directory `/mnt/home/dunan/Job/2018/GroupK/GroupK/yass/CMakeFiles/CMakeTmp'


Detecting C compiler ABI info compiled with the following output:
Change Dir: /mnt/home/dunan/Job/2018/GroupK/GroupK/yass/CMakeFiles/CMakeTmp

Run Build Command:"/usr/bin/gmake" "cmTC_6c7be/fast"
/usr/bin/gmake -f CMakeFiles/cmTC_6c7be.dir/build.make CMakeFiles/cmTC_6c7be.dir/build
gmake[1]: Entering directory `/mnt/home/dunan/Job/2018/GroupK/GroupK/yass/CMakeFiles/CMakeTmp'
Building C object CMakeFiles/cmTC_6c7be.dir/CMakeCCompilerABI.c.o
/opt/software/GCC/4.8.2/bin/gcc     -o CMakeFiles/cmTC_6c7be.dir/CMakeCCompilerABI.c.o   -c /opt/software/cmake/3.7.2--GCC-4.4.5/share/cmake-3.7/Modules/CMakeCCompilerABI.c
Linking C executable cmTC_6c7be
/opt/software/cmake/3.7.2--GCC-4.4.5/bin/cmake -E cmake_link_script CMakeFiles/cmTC_6c7be.dir/link.txt --verbose=1
/opt/software/GCC/4.8.2/bin/gcc      -v CMakeFiles/cmTC_6c7be.dir/CMakeCCompilerABI.c.o  -o cmTC_6c7be  
Using built-in specs.
COLLECT_GCC=/opt/software/GCC/4.8.2/bin/gcc
COLLECT_LTO_WRAPPER=/opt/software/GCC/4.8.2/libexec/gcc/x86_64-unknown-linux-gnu/4.8.2/lto-wrapper
Target: x86_64-unknown-linux-gnu
Configured with: ../configure --prefix=/opt/software/GCC/4.8.2 --disable-multilib --with-gmp-include=/opt/software/GMP/5.1.3--GCC-4.4.5/include --with-gmp-lib=/opt/software/GMP/5.1.3--GCC-4.4.5/lib --with-mpfr-include=/opt/software/MPFR/3.1.2--GCC-4.4.5/include --with-mpfr-lib=/opt/software/MPFR/3.1.2--GCC-4.4.5/lib --with-mpc=/opt/software/MPC/1.0.1--GCC-4.4.5 --with-ppl-include=/opt/software/ppl/1.1--GCC-4.4.5/include --with-ppl-lib=/opt/software/ppl/1.1--GCC-4.4.5/lib --enable-languages=c,c++,fortran,java,lto,objc
Thread model: posix
gcc version 4.8.2 (GCC) 
COMPILER_PATH=/opt/software/GCC/4.8.2/libexec/gcc/x86_64-unknown-linux-gnu/4.8.2/:/opt/software/GCC/4.8.2/libexec/gcc/x86_64-unknown-linux-gnu/4.8.2/:/opt/software/GCC/4.8.2/libexec/gcc/x86_64-unknown-linux-gnu/:/opt/software/GCC/4.8.2/lib/gcc/x86_64-unknown-linux-gnu/4.8.2/:/opt/software/GCC/4.8.2/lib/gcc/x86_64-unknown-linux-gnu/
LIBRARY_PATH=/opt/software/GCC/4.8.2/lib64/../lib64/:/opt/software/GCC/4.8.2/lib/../lib64/:/opt/software/GCC/4.8.2/lib/gcc/x86_64-unknown-linux-gnu/4.8.2/:/opt/software/GCC/4.8.2/lib/gcc/x86_64-unknown-linux-gnu/4.8.2/../../../../lib64/:/lib/../lib64/:/usr/lib/../lib64/:/opt/software/R/3.1.0--GCC-4.8.2/lib64/R/lib/:/opt/software/ClusterStudio/2013sp1/composer_xe_2013_sp1.0.080/mkl/lib/intel64/:/opt/software/boost/1.55.0--GCC-4.8.2--OpenMPI-1.6.5/lib/:/opt/software/ClusterStudio/2011.0/composerxe-2011.5.220/tbb/lib/intel64/cc4.1.0_libc2.4_kernel2.6.16.21/irml/:/opt/software/ClusterStudio/2011.0/composerxe-2011.5.220/tbb/lib/intel64/cc4.1.0_libc2.4_kernel2.6.16.21/:/opt/software/OpenMPI/1.6.5--GCC-4.8.2/lib/:/opt/software/GCC/4.8.2/lib64/:/opt/software/GCC/4.8.2/lib/:/mnt/home/dunan/mysoftware/lib/:/opt/software/Python/2.7.2--GCC-4.4.5/lib/:/opt/software/GCC/4.8.2/lib/gcc/x86_64-unknown-linux-gnu/4.8.2/../../../:/lib/:/usr/lib/
COLLECT_GCC_OPTIONS='-v' '-o' 'cmTC_6c7be' '-mtune=generic' '-march=x86-64'
 /opt/software/GCC/4.8.2/libexec/gcc/x86_64-unknown-linux-gnu/4.8.2/collect2 --eh-frame-hdr -m elf_x86_64 -dynamic-linker /lib64/ld-linux-x86-64.so.2 -o cmTC_6c7be /usr/lib/../lib64/crt1.o /usr/lib/../lib64/crti.o /opt/software/GCC/4.8.2/lib/gcc/x86_64-unknown-linux-gnu/4.8.2/crtbegin.o -L/opt/software/GCC/4.8.2/lib64/../lib64 -L/opt/software/GCC/4.8.2/lib/../lib64 -L/opt/software/GCC/4.8.2/lib/gcc/x86_64-unknown-linux-gnu/4.8.2 -L/opt/software/GCC/4.8.2/lib/gcc/x86_64-unknown-linux-gnu/4.8.2/../../../../lib64 -L/lib/../lib64 -L/usr/lib/../lib64 -L/opt/software/R/3.1.0--GCC-4.8.2/lib64/R/lib -L/opt/software/ClusterStudio/2013sp1/composer_xe_2013_sp1.0.080/mkl/lib/intel64 -L/opt/software/boost/1.55.0--GCC-4.8.2--OpenMPI-1.6.5/lib -L/opt/software/ClusterStudio/2011.0/composerxe-2011.5.220/tbb/lib/intel64/cc4.1.0_libc2.4_kernel2.6.16.21/irml -L/opt/software/ClusterStudio/2011.0/composerxe-2011.5.220/tbb/lib/intel64/cc4.1.0_libc2.4_kernel2.6.16.21 -L/opt/software/OpenMPI/1.6.5--GCC-4.8.2/lib -L/opt/software/GCC/4.8.2/lib64 -L/opt/software/GCC/4.8.2/lib -L/mnt/home/dunan/mysoftware/lib -L/opt/software/Python/2.7.2--GCC-4.4.5/lib -L/opt/software/GCC/4.8.2/lib/gcc/x86_64-unknown-linux-gnu/4.8.2/../../.. CMakeFiles/cmTC_6c7be.dir/CMakeCCompilerABI.c.o -lgcc --as-needed -lgcc_s --no-as-needed -lc -lgcc --as-needed -lgcc_s --no-as-needed /opt/software/GCC/4.8.2/lib/gcc/x86_64-unknown-linux-gnu/4.8.2/crtend.o /usr/lib/../lib64/crtn.o
gmake[1]: Leaving directory `/mnt/home/dunan/Job/2018/GroupK/GroupK/yass/CMakeFiles/CMakeTmp'


Parsed C implicit link information from above output:
  link line regex: [^( *|.*[/\])(ld|([^/\]+-)?ld|collect2)[^/\]*( |$)]
  ignore line: [Change Dir: /mnt/home/dunan/Job/2018/GroupK/GroupK/yass/CMakeFiles/CMakeTmp]
  ignore line: []
  ignore line: [Run Build Command:"/usr/bin/gmake" "cmTC_6c7be/fast"]
  ignore line: [/usr/bin/gmake -f CMakeFiles/cmTC_6c7be.dir/build.make CMakeFiles/cmTC_6c7be.dir/build]
  ignore line: [gmake[1]: Entering directory `/mnt/home/dunan/Job/2018/GroupK/GroupK/yass/CMakeFiles/CMakeTmp']
  ignore line: [Building C object CMakeFiles/cmTC_6c7be.dir/CMakeCCompilerABI.c.o]
  ignore line: [/opt/software/GCC/4.8.2/bin/gcc     -o CMakeFiles/cmTC_6c7be.dir/CMakeCCompilerABI.c.o   -c /opt/software/cmake/3.7.2--GCC-4.4.5/share/cmake-3.7/Modules/CMakeCCompilerABI.c]
  ignore line: [Linking C executable cmTC_6c7be]
  ignore line: [/opt/software/cmake/3.7.2--GCC-4.4.5/bin/cmake -E cmake_link_script CMakeFiles/cmTC_6c7be.dir/link.txt --verbose=1]
  ignore line: [/opt/software/GCC/4.8.2/bin/gcc      -v CMakeFiles/cmTC_6c7be.dir/CMakeCCompilerABI.c.o  -o cmTC_6c7be  ]
  ignore line: [Using built-in specs.]
  ignore line: [COLLECT_GCC=/opt/software/GCC/4.8.2/bin/gcc]
  ignore line: [COLLECT_LTO_WRAPPER=/opt/software/GCC/4.8.2/libexec/gcc/x86_64-unknown-linux-gnu/4.8.2/lto-wrapper]
  ignore line: [Target: x86_64-unknown-linux-gnu]
  ignore line: [Configured with: ../configure --prefix=/opt/software/GCC/4.8.2 --disable-multilib --with-gmp-include=/opt/software/GMP/5.1.3--GCC-4.4.5/include --with-gmp-lib=/opt/software/GMP/5.1.3--GCC-4.4.5/lib --with-mpfr-include=/opt/software/MPFR/3.1.2--GCC-4.4.5/include --with-mpfr-lib=/opt/software/MPFR/3.1.2--GCC-4.4.5/lib --with-mpc=/opt/software/MPC/1.0.1--GCC-4.4.5 --with-ppl-include=/opt/software/ppl/1.1--GCC-4.4.5/include --with-ppl-lib=/opt/software/ppl/1.1--GCC-4.4.5/lib --enable-languages=c,c++,fortran,java,lto,objc]
  ignore line: [Thread model: posix]
  ignore line: [gcc version 4.8.2 (GCC) ]
  ignore line: [COMPILER_PATH=/opt/software/GCC/4.8.2/libexec/gcc/x86_64-unknown-linux-gnu/4.8.2/:/opt/software/GCC/4.8.2/libexec/gcc/x86_64-unknown-linux-gnu/4.8.2/:/opt/software/GCC/4.8.2/libexec/gcc/x86_64-unknown-linux-gnu/:/opt/software/GCC/4.8.2/lib/gcc/x86_64-unknown-linux-gnu/4.8.2/:/opt/software/GCC/4.8.2/lib/gcc/x86_64-unknown-linux-gnu/]
  ignore line: [LIBRARY_PATH=/opt/software/GCC/4.8.2/lib64/../lib64/:/opt/software/GCC/4.8.2/lib/../lib64/:/opt/software/GCC/4.8.2/lib/gcc/x86_64-unknown-linux-gnu/4.8.2/:/opt/software/GCC/4.8.2/lib/gcc/x86_64-unknown-linux-gnu/4.8.2/../../../../lib64/:/lib/../lib64/:/usr/lib/../lib64/:/opt/software/R/3.1.0--GCC-4.8.2/lib64/R/lib/:/opt/software/ClusterStudio/2013sp1/composer_xe_2013_sp1.0.080/mkl/lib/intel64/:/opt/software/boost/1.55.0--GCC-4.8.2--OpenMPI-1.6.5/lib/:/opt/software/ClusterStudio/2011.0/composerxe-2011.5.220/tbb/lib/intel64/cc4.1.0_libc2.4_kernel2.6.16.21/irml/:/opt/software/ClusterStudio/2011.0/composerxe-2011.5.220/tbb/lib/intel64/cc4.1.0_libc2.4_kernel2.6.16.21/:/opt/software/OpenMPI/1.6.5--GCC-4.8.2/lib/:/opt/software/GCC/4.8.2/lib64/:/opt/software/GCC/4.8.2/lib/:/mnt/home/dunan/mysoftware/lib/:/opt/software/Python/2.7.2--GCC-4.4.5/lib/:/opt/software/GCC/4.8.2/lib/gcc/x86_64-unknown-linux-gnu/4.8.2/../../../:/lib/:/usr/lib/]
  ignore line: [COLLECT_GCC_OPTIONS='-v' '-o' 'cmTC_6c7be' '-mtune=generic' '-march=x86-64']
  link line: [ /opt/software/GCC/4.8.2/libexec/gcc/x86_64-unknown-linux-gnu/4.8.2/collect2 --eh-frame-hdr -m elf_x86_64 -dynamic-linker /lib64/ld-linux-x86-64.so.2 -o cmTC_6c7be /usr/lib/../lib64/crt1.o /usr/lib/../lib64/crti.o /opt/software/GCC/4.8.2/lib/gcc/x86_64-unknown-linux-gnu/4.8.2/crtbegin.o -L/opt/software/GCC/4.8.2/lib64/../lib64 -L/opt/software/GCC/4.8.2/lib/../lib64 -L/opt/software/GCC/4.8.2/lib/gcc/x86_64-unknown-linux-gnu/4.8.2 -L/opt/software/GCC/4.8.2/lib/gcc/x86_64-unknown-linux-gnu/4.8.2/../../../../lib64 -L/lib/../lib64 -L/usr/lib/../lib64 -L/opt/software/R/3.1.0--GCC-4.8.2/lib64/R/lib -L/opt/software/ClusterStudio/2013sp1/composer_xe_2013_sp1.0.080/mkl/lib/intel64 -L/opt/software/boost/1.55.0--GCC-4.8.2--OpenMPI-1.6.5/lib -L/opt/software/ClusterStudio/2011.0/composerxe-2011.5.220/tbb/lib/intel64/cc4.1.0_libc2.4_kernel2.6.16.21/irml -L/opt/software/ClusterStudio/2011.0/composerxe-2011.5.220/tbb/lib/intel64/cc4.1.0_libc2.4_kernel2.6.16.21 -L/opt/software/OpenMPI/1.6.5--GCC-4.8.2/lib -L/opt/software/GCC/4.8.2/lib64 -L/opt/software/GCC/4.8.2/lib -L/mnt/home/dunan/mysoftware/lib -L/opt/software/Python/2.7.2--GCC-4.4.5/lib -L/opt/software/GCC/4.8.2/lib/gcc/x86_64-unknown-linux-gnu/4.8.2/../../.. CMakeFiles/cmTC_6c7be.dir/CMakeCCompilerABI.c.o -lgcc --as-needed -lgcc_s --no-as-needed -lc -lgcc --as-needed -lgcc_s --no-as-needed /opt/software/GCC/4.8.2/lib/gcc/x86_64-unknown-linux-gnu/4.8.2/crtend.o /usr/lib/../lib64/crtn.o]
    arg [/opt/software/GCC/4.8.2/libexec/gcc/x86_64-unknown-linux-gnu/4.8.2/collect2] ==> ignore
    arg [--eh-frame-hdr] ==> ignore
    arg [-m] ==> ignore
    arg [elf_x86_64] ==> ignore
    arg [-dynamic-linker] ==> ignore
    arg [/lib64/ld-linux-x86-64.so.2] ==> ignore
    arg [-o] ==> ignore
    arg [cmTC_6c7be] ==> ignore
    arg [/usr/lib/../lib64/crt1.o] ==> ignore
    arg [/usr/lib/../lib64/crti.o] ==> ignore
    arg [/opt/software/GCC/4.8.2/lib/gcc/x86_64-unknown-linux-gnu/4.8.2/crtbegin.o] ==> ignore
    arg [-L/opt/software/GCC/4.8.2/lib64/../lib64] ==> dir [/opt/software/GCC/4.8.2/lib64/../lib64]
    arg [-L/opt/software/GCC/4.8.2/lib/../lib64] ==> dir [/opt/software/GCC/4.8.2/lib/../lib64]
    arg [-L/opt/software/GCC/4.8.2/lib/gcc/x86_64-unknown-linux-gnu/4.8.2] ==> dir [/opt/software/GCC/4.8.2/lib/gcc/x86_64-unknown-linux-gnu/4.8.2]
    arg [-L/opt/software/GCC/4.8.2/lib/gcc/x86_64-unknown-linux-gnu/4.8.2/../../../../lib64] ==> dir [/opt/software/GCC/4.8.2/lib/gcc/x86_64-unknown-linux-gnu/4.8.2/../../../../lib64]
    arg [-L/lib/../lib64] ==> dir [/lib/../lib64]
    arg [-L/usr/lib/../lib64] ==> dir [/usr/lib/../lib64]
    arg [-L/opt/software/R/3.1.0--GCC-4.8.2/lib64/R/lib] ==> dir [/opt/software/R/3.1.0--GCC-4.8.2/lib64/R/lib]
    arg [-L/opt/software/ClusterStudio/2013sp1/composer_xe_2013_sp1.0.080/mkl/lib/intel64] ==> dir [/opt/software/ClusterStudio/2013sp1/composer_xe_2013_sp1.0.080/mkl/lib/intel64]
    arg [-L/opt/software/boost/1.55.0--GCC-4.8.2--OpenMPI-1.6.5/lib] ==> dir [/opt/software/boost/1.55.0--GCC-4.8.2--OpenMPI-1.6.5/lib]
    arg [-L/opt/software/ClusterStudio/2011.0/composerxe-2011.5.220/tbb/lib/intel64/cc4.1.0_libc2.4_kernel2.6.16.21/irml] ==> dir [/opt/software/ClusterStudio/2011.0/composerxe-2011.5.220/tbb/lib/intel64/cc4.1.0_libc2.4_kernel2.6.16.21/irml]
    arg [-L/opt/software/ClusterStudio/2011.0/composerxe-2011.5.220/tbb/lib/intel64/cc4.1.0_libc2.4_kernel2.6.16.21] ==> dir [/opt/software/ClusterStudio/2011.0/composerxe-2011.5.220/tbb/lib/intel64/cc4.1.0_libc2.4_kernel2.6.16.21]
    arg [-L/opt/software/OpenMPI/1.6.5--GCC-4.8.2/lib] ==> dir [/opt/software/OpenMPI/1.6.5--GCC-4.8.2/lib]
    arg [-L/opt/software/GCC/4.8.2/lib64] ==> dir [/opt/software/GCC/4.8.2/lib64]
    arg [-L/opt/software/GCC/4.8.2/lib] ==> dir [/opt/software/GCC/4.8.2/lib]
    arg [-L/mnt/home/dunan/mysoftware/lib] ==> dir [/mnt/home/dunan/mysoftware/lib]
    arg [-L/opt/software/Python/2.7.2--GCC-4.4.5/lib] ==> dir [/opt/software/Python/2.7.2--GCC-4.4.5/lib]
    arg [-L/opt/software/GCC/4.8.2/lib/gcc/x86_64-unknown-linux-gnu/4.8.2/../../..] ==> dir [/opt/software/GCC/4.8.2/lib/gcc/x86_64-unknown-linux-gnu/4.8.2/../../..]
    arg [CMakeFiles/cmTC_6c7be.dir/CMakeCCompilerABI.c.o] ==> ignore
    arg [-lgcc] ==> lib [gcc]
    arg [--as-needed] ==> ignore
    arg [-lgcc_s] ==> lib [gcc_s]
    arg [--no-as-needed] ==> ignore
    arg [-lc] ==> lib [c]
    arg [-lgcc] ==> lib [gcc]
    arg [--as-needed] ==> ignore
    arg [-lgcc_s] ==> lib [gcc_s]
    arg [--no-as-needed] ==> ignore
    arg [/opt/software/GCC/4.8.2/lib/gcc/x86_64-unknown-linux-gnu/4.8.2/crtend.o] ==> ignore
    arg [/usr/lib/../lib64/crtn.o] ==> ignore
  remove lib [gcc]
  remove lib [gcc_s]
  remove lib [gcc]
  remove lib [gcc_s]
  collapse library dir [/opt/software/GCC/4.8.2/lib64/../lib64] ==> [/opt/software/GCC/4.8.2/lib64]
  collapse library dir [/opt/software/GCC/4.8.2/lib/../lib64] ==> [/opt/software/GCC/4.8.2/lib64]
  collapse library dir [/opt/software/GCC/4.8.2/lib/gcc/x86_64-unknown-linux-gnu/4.8.2] ==> [/opt/software/GCC/4.8.2/lib/gcc/x86_64-unknown-linux-gnu/4.8.2]
  collapse library dir [/opt/software/GCC/4.8.2/lib/gcc/x86_64-unknown-linux-gnu/4.8.2/../../../../lib64] ==> [/opt/software/GCC/4.8.2/lib64]
  collapse library dir [/lib/../lib64] ==> [/lib64]
  collapse library dir [/usr/lib/../lib64] ==> [/usr/lib64]
  collapse library dir [/opt/software/R/3.1.0--GCC-4.8.2/lib64/R/lib] ==> [/opt/software/R/3.1.0--GCC-4.8.2/lib64/R/lib]
  collapse library dir [/opt/software/ClusterStudio/2013sp1/composer_xe_2013_sp1.0.080/mkl/lib/intel64] ==> [/opt/software/ClusterStudio/2013sp1/composer_xe_2013_sp1.0.080/mkl/lib/intel64]
  collapse library dir [/opt/software/boost/1.55.0--GCC-4.8.2--OpenMPI-1.6.5/lib] ==> [/opt/software/boost/1.55.0--GCC-4.8.2--OpenMPI-1.6.5/lib]
  collapse library dir [/opt/software/ClusterStudio/2011.0/composerxe-2011.5.220/tbb/lib/intel64/cc4.1.0_libc2.4_kernel2.6.16.21/irml] ==> [/opt/software/ClusterStudio/2011.0/composerxe-2011.5.220/tbb/lib/intel64/cc4.1.0_libc2.4_kernel2.6.16.21/irml]
  collapse library dir [/opt/software/ClusterStudio/2011.0/composerxe-2011.5.220/tbb/lib/intel64/cc4.1.0_libc2.4_kernel2.6.16.21] ==> [/opt/software/ClusterStudio/2011.0/composerxe-2011.5.220/tbb/lib/intel64/cc4.1.0_libc2.4_kernel2.6.16.21]
  collapse library dir [/opt/software/OpenMPI/1.6.5--GCC-4.8.2/lib] ==> [/opt/software/OpenMPI/1.6.5--GCC-4.8.2/lib]
  collapse library dir [/opt/software/GCC/4.8.2/lib64] ==> [/opt/software/GCC/4.8.2/lib64]
  collapse library dir [/opt/software/GCC/4.8.2/lib] ==> [/opt/software/GCC/4.8.2/lib]
  collapse library dir [/mnt/home/dunan/mysoftware/lib] ==> [/mnt/home/dunan/mysoftware/lib]
  collapse library dir [/opt/software/Python/2.7.2--GCC-4.4.5/lib] ==> [/opt/software/Python/2.7.2--GCC-4.4.5/lib]
  collapse library dir [/opt/software/GCC/4.8.2/lib/gcc/x86_64-unknown-linux-gnu/4.8.2/../../..] ==> [/opt/software/GCC/4.8.2/lib]
  implicit libs: [c]
  implicit dirs: [/opt/software/GCC/4.8.2/lib64;/opt/software/GCC/4.8.2/lib/gcc/x86_64-unknown-linux-gnu/4.8.2;/lib64;/usr/lib64;/opt/software/R/3.1.0--GCC-4.8.2/lib64/R/lib;/opt/software/ClusterStudio/2013sp1/composer_xe_2013_sp1.0.080/mkl/lib/intel64;/opt/software/boost/1.55.0--GCC-4.8.2--OpenMPI-1.6.5/lib;/opt/software/ClusterStudio/2011.0/composerxe-2011.5.220/tbb/lib/intel64/cc4.1.0_libc2.4_kernel2.6.16.21/irml;/opt/software/ClusterStudio/2011.0/composerxe-2011.5.220/tbb/lib/intel64/cc4.1.0_libc2.4_kernel2.6.16.21;/opt/software/OpenMPI/1.6.5--GCC-4.8.2/lib;/opt/software/GCC/4.8.2/lib;/mnt/home/dunan/mysoftware/lib;/opt/software/Python/2.7.2--GCC-4.4.5/lib]
  implicit fwks: []




Detecting C [-std=c11] compiler features compiled with the following output:
Change Dir: /mnt/home/dunan/Job/2018/GroupK/GroupK/yass/CMakeFiles/CMakeTmp

Run Build Command:"/usr/bin/gmake" "cmTC_3e23c/fast"
/usr/bin/gmake -f CMakeFiles/cmTC_3e23c.dir/build.make CMakeFiles/cmTC_3e23c.dir/build
gmake[1]: Entering directory `/mnt/home/dunan/Job/2018/GroupK/GroupK/yass/CMakeFiles/CMakeTmp'
Building C object CMakeFiles/cmTC_3e23c.dir/feature_tests.c.o
/opt/software/GCC/4.8.2/bin/gcc    -std=c11 -o CMakeFiles/cmTC_3e23c.dir/feature_tests.c.o   -c /mnt/home/dunan/Job/2018/GroupK/GroupK/yass/CMakeFiles/feature_tests.c
Linking C executable cmTC_3e23c
/opt/software/cmake/3.7.2--GCC-4.4.5/bin/cmake -E cmake_link_script CMakeFiles/cmTC_3e23c.dir/link.txt --verbose=1
/opt/software/GCC/4.8.2/bin/gcc       CMakeFiles/cmTC_3e23c.dir/feature_tests.c.o  -o cmTC_3e23c 
gmake[1]: Leaving directory `/mnt/home/dunan/Job/2018/GroupK/GroupK/yass/CMakeFiles/CMakeTmp'


    Feature record: C_FEATURE:1c_function_prototypes
    Feature record: C_FEATURE:1c_restrict
    Feature record: C_FEATURE:1c_static_assert
    Feature record: C_FEATURE:1c_variadic_macros


Detecting C [-std=c99] compiler features compiled with the following output:
Change Dir: /mnt/home/dunan/Job/2018/GroupK/GroupK/yass/CMakeFiles/CMakeTmp

Run Build Command:"/usr/bin/gmake" "cmTC_658c2/fast"
/usr/bin/gmake -f CMakeFiles/cmTC_658c2.dir/build.make CMakeFiles/cmTC_658c2.dir/build
gmake[1]: Entering directory `/mnt/home/dunan/Job/2018/GroupK/GroupK/yass/CMakeFiles/CMakeTmp'
Building C object CMakeFiles/cmTC_658c2.dir/feature_tests.c.o
/opt/software/GCC/4.8.2/bin/gcc    -std=c99 -o CMakeFiles/cmTC_658c2.dir/feature_tests.c.o   -c /mnt/home/dunan/Job/2018/GroupK/GroupK/yass/CMakeFiles/feature_tests.c
Linking C executable cmTC_658c2
/opt/software/cmake/3.7.2--GCC-4.4.5/bin/cmake -E cmake_link_script CMakeFiles/cmTC_658c2.dir/link.txt --verbose=1
/opt/software/GCC/4.8.2/bin/gcc       CMakeFiles/cmTC_658c2.dir/feature_tests.c.o  -o cmTC_658c2 
gmake[1]: Leaving directory `/mnt/home/dunan/Job/2018/GroupK/GroupK/yass/CMakeFiles/CMakeTmp'


    Feature record: C_FEATURE:1c_function_prototypes
    Feature record: C_FEATURE:1c_restrict
    Feature record: C_FEATURE:0c_static_assert
    Feature record: C_FEATURE:1c_variadic_macros


Detecting C [-std=c90] compiler features compiled with the following output:
Change Dir: /mnt/home/dunan/Job/2018/GroupK/GroupK/yass/CMakeFiles/CMakeTmp

Run Build Command:"/usr/bin/gmake" "cmTC_5caec/fast"
/usr/bin/gmake -f CMakeFiles/cmTC_5caec.dir/build.make CMakeFiles/cmTC_5caec.dir/build
gmake[1]: Entering directory `/mnt/home/dunan/Job/2018/GroupK/GroupK/yass/CMakeFiles/CMakeTmp'
Building C object CMakeFiles/cmTC_5caec.dir/feature_tests.c.o
/opt/software/GCC/4.8.2/bin/gcc    -std=c90 -o CMakeFiles/cmTC_5caec.dir/feature_tests.c.o   -c /mnt/home/dunan/Job/2018/GroupK/GroupK/yass/CMakeFiles/feature_tests.c
Linking C executable cmTC_5caec
/opt/software/cmake/3.7.2--GCC-4.4.5/bin/cmake -E cmake_link_script CMakeFiles/cmTC_5caec.dir/link.txt --verbose=1
/opt/software/GCC/4.8.2/bin/gcc       CMakeFiles/cmTC_5caec.dir/feature_tests.c.o  -o cmTC_5caec 
gmake[1]: Leaving directory `/mnt/home/dunan/Job/2018/GroupK/GroupK/yass/CMakeFiles/CMakeTmp'


    Feature record: C_FEATURE:1c_function_prototypes
    Feature record: C_FEATURE:0c_restrict
    Feature record: C_FEATURE:0c_static_assert
    Feature record: C_FEATURE:0c_variadic_macros
Determining if the CXX compiler works passed with the following output:
Change Dir: /mnt/home/dunan/Job/2018/GroupK/GroupK/yass/CMakeFiles/CMakeTmp

Run Build Command:"/usr/bin/gmake" "cmTC_4b574/fast"
/usr/bin/gmake -f CMakeFiles/cmTC_4b574.dir/build.make CMakeFiles/cmTC_4b574.dir/build
gmake[1]: Entering directory `/mnt/home/dunan/Job/2018/GroupK/GroupK/yass/CMakeFiles/CMakeTmp'
Building CXX object CMakeFiles/cmTC_4b574.dir/testCXXCompiler.cxx.o
/opt/software/GCC/4.8.2/bin/g++      -o CMakeFiles/cmTC_4b574.dir/testCXXCompiler.cxx.o -c /mnt/home/dunan/Job/2018/GroupK/GroupK/yass/CMakeFiles/CMakeTmp/testCXXCompiler.cxx
Linking CXX executable cmTC_4b574
/opt/software/cmake/3.7.2--GCC-4.4.5/bin/cmake -E cmake_link_script CMakeFiles/cmTC_4b574.dir/link.txt --verbose=1
/opt/software/GCC/4.8.2/bin/g++        CMakeFiles/cmTC_4b574.dir/testCXXCompiler.cxx.o  -o cmTC_4b574 
gmake[1]: Leaving directory `/mnt/home/dunan/Job/2018/GroupK/GroupK/yass/CMakeFiles/CMakeTmp'


Detecting CXX compiler ABI info compiled with the following output:
Change Dir: /mnt/home/dunan/Job/2018/GroupK/GroupK/yass/CMakeFiles/CMakeTmp

Run Build Command:"/usr/bin/gmake" "cmTC_d4e19/fast"
/usr/bin/gmake -f CMakeFiles/cmTC_d4e19.dir/build.make CMakeFiles/cmTC_d4e19.dir/build
gmake[1]: Entering directory `/mnt/home/dunan/Job/2018/GroupK/GroupK/yass/CMakeFiles/CMakeTmp'
Building CXX object CMakeFiles/cmTC_d4e19.dir/CMakeCXXCompilerABI.cpp.o
/opt/software/GCC/4.8.2/bin/g++      -o CMakeFiles/cmTC_d4e19.dir/CMakeCXXCompilerABI.cpp.o -c /opt/software/cmake/3.7.2--GCC-4.4.5/share/cmake-3.7/Modules/CMakeCXXCompilerABI.cpp
Linking CXX executable cmTC_d4e19
/opt/software/cmake/3.7.2--GCC-4.4.5/bin/cmake -E cmake_link_script CMakeFiles/cmTC_d4e19.dir/link.txt --verbose=1
/opt/software/GCC/4.8.2/bin/g++       -v CMakeFiles/cmTC_d4e19.dir/CMakeCXXCompilerABI.cpp.o  -o cmTC_d4e19  
Using built-in specs.
COLLECT_GCC=/opt/software/GCC/4.8.2/bin/g++
COLLECT_LTO_WRAPPER=/opt/software/GCC/4.8.2/libexec/gcc/x86_64-unknown-linux-gnu/4.8.2/lto-wrapper
Target: x86_64-unknown-linux-gnu
Configured with: ../configure --prefix=/opt/software/GCC/4.8.2 --disable-multilib --with-gmp-include=/opt/software/GMP/5.1.3--GCC-4.4.5/include --with-gmp-lib=/opt/software/GMP/5.1.3--GCC-4.4.5/lib --with-mpfr-include=/opt/software/MPFR/3.1.2--GCC-4.4.5/include --with-mpfr-lib=/opt/software/MPFR/3.1.2--GCC-4.4.5/lib --with-mpc=/opt/software/MPC/1.0.1--GCC-4.4.5 --with-ppl-include=/opt/software/ppl/1.1--GCC-4.4.5/include --with-ppl-lib=/opt/software/ppl/1.1--GCC-4.4.5/lib --enable-languages=c,c++,fortran,java,lto,objc
Thread model: posix
gcc version 4.8.2 (GCC) 
COMPILER_PATH=/opt/software/GCC/4.8.2/libexec/gcc/x86_64-unknown-linux-gnu/4.8.2/:/opt/software/GCC/4.8.2/libexec/gcc/x86_64-unknown-linux-gnu/4.8.2/:/opt/software/GCC/4.8.2/libexec/gcc/x86_64-unknown-linux-gnu/:/opt/software/GCC/4.8.2/lib/gcc/x86_64-unknown-linux-gnu/4.8.2/:/opt/software/GCC/4.8.2/lib/gcc/x86_64-unknown-linux-gnu/
LIBRARY_PATH=/opt/software/GCC/4.8.2/lib64/../lib64/:/opt/software/GCC/4.8.2/lib/../lib64/:/opt/software/GCC/4.8.2/lib/gcc/x86_64-unknown-linux-gnu/4.8.2/:/opt/software/GCC/4.8.2/lib/gcc/x86_64-unknown-linux-gnu/4.8.2/../../../../lib64/:/lib/../lib64/:/usr/lib/../lib64/:/opt/software/R/3.1.0--GCC-4.8.2/lib64/R/lib/:/opt/software/ClusterStudio/2013sp1/composer_xe_2013_sp1.0.080/mkl/lib/intel64/:/opt/software/boost/1.55.0--GCC-4.8.2--OpenMPI-1.6.5/lib/:/opt/software/ClusterStudio/2011.0/composerxe-2011.5.220/tbb/lib/intel64/cc4.1.0_libc2.4_kernel2.6.16.21/irml/:/opt/software/ClusterStudio/2011.0/composerxe-2011.5.220/tbb/lib/intel64/cc4.1.0_libc2.4_kernel2.6.16.21/:/opt/software/OpenMPI/1.6.5--GCC-4.8.2/lib/:/opt/software/GCC/4.8.2/lib64/:/opt/software/GCC/4.8.2/lib/:/mnt/home/dunan/mysoftware/lib/:/opt/software/Python/2.7.2--GCC-4.4.5/lib/:/opt/software/GCC/4.8.2/lib/gcc/x86_64-unknown-linux-gnu/4.8.2/../../../:/lib/:/usr/lib/
COLLECT_GCC_OPTIONS='-v' '-o' 'cmTC_d4e19' '-shared-libgcc' '-mtune=generic' '-march=x86-64'
 /opt/software/GCC/4.8.2/libexec/gcc/x86_64-unknown-linux-gnu/4.8.2/collect2 --eh-frame-hdr -m elf_x86_64 -dynamic-linker /lib64/ld-linux-x86-64.so.2 -o cmTC_d4e19 /usr/lib/../lib64/crt1.o /usr/lib/../lib64/crti.o /opt/software/GCC/4.8.2/lib/gcc/x86_64-unknown-linux-gnu/4.8.2/crtbegin.o -L/opt/software/GCC/4.8.2/lib64/../lib64 -L/opt/software/GCC/4.8.2/lib/../lib64 -L/opt/software/GCC/4.8.2/lib/gcc/x86_64-unknown-linux-gnu/4.8.2 -L/opt/software/GCC/4.8.2/lib/gcc/x86_64-unknown-linux-gnu/4.8.2/../../../../lib64 -L/lib/../lib64 -L/usr/lib/../lib64 -L/opt/software/R/3.1.0--GCC-4.8.2/lib64/R/lib -L/opt/software/ClusterStudio/2013sp1/composer_xe_2013_sp1.0.080/mkl/lib/intel64 -L/opt/software/boost/1.55.0--GCC-4.8.2--OpenMPI-1.6.5/lib -L/opt/software/ClusterStudio/2011.0/composerxe-2011.5.220/tbb/lib/intel64/cc4.1.0_libc2.4_kernel2.6.16.21/irml -L/opt/software/ClusterStudio/2011.0/composerxe-2011.5.220/tbb/lib/intel64/cc4.1.0_libc2.4_kernel2.6.16.21 -L/opt/software/OpenMPI/1.6.5--GCC-4.8.2/lib -L/opt/software/GCC/4.8.2/lib64 -L/opt/software/GCC/4.8.2/lib -L/mnt/home/dunan/mysoftware/lib -L/opt/software/Python/2.7.2--GCC-4.4.5/lib -L/opt/software/GCC/4.8.2/lib/gcc/x86_64-unknown-linux-gnu/4.8.2/../../.. CMakeFiles/cmTC_d4e19.dir/CMakeCXXCompilerABI.cpp.o -lstdc++ -lm -lgcc_s -lgcc -lc -lgcc_s -lgcc /opt/software/GCC/4.8.2/lib/gcc/x86_64-unknown-linux-gnu/4.8.2/crtend.o /usr/lib/../lib64/crtn.o
gmake[1]: Leaving directory `/mnt/home/dunan/Job/2018/GroupK/GroupK/yass/CMakeFiles/CMakeTmp'


Parsed CXX implicit link information from above output:
  link line regex: [^( *|.*[/\])(ld|([^/\]+-)?ld|collect2)[^/\]*( |$)]
  ignore line: [Change Dir: /mnt/home/dunan/Job/2018/GroupK/GroupK/yass/CMakeFiles/CMakeTmp]
  ignore line: []
  ignore line: [Run Build Command:"/usr/bin/gmake" "cmTC_d4e19/fast"]
  ignore line: [/usr/bin/gmake -f CMakeFiles/cmTC_d4e19.dir/build.make CMakeFiles/cmTC_d4e19.dir/build]
  ignore line: [gmake[1]: Entering directory `/mnt/home/dunan/Job/2018/GroupK/GroupK/yass/CMakeFiles/CMakeTmp']
  ignore line: [Building CXX object CMakeFiles/cmTC_d4e19.dir/CMakeCXXCompilerABI.cpp.o]
  ignore line: [/opt/software/GCC/4.8.2/bin/g++      -o CMakeFiles/cmTC_d4e19.dir/CMakeCXXCompilerABI.cpp.o -c /opt/software/cmake/3.7.2--GCC-4.4.5/share/cmake-3.7/Modules/CMakeCXXCompilerABI.cpp]
  ignore line: [Linking CXX executable cmTC_d4e19]
  ignore line: [/opt/software/cmake/3.7.2--GCC-4.4.5/bin/cmake -E cmake_link_script CMakeFiles/cmTC_d4e19.dir/link.txt --verbose=1]
  ignore line: [/opt/software/GCC/4.8.2/bin/g++       -v CMakeFiles/cmTC_d4e19.dir/CMakeCXXCompilerABI.cpp.o  -o cmTC_d4e19  ]
  ignore line: [Using built-in specs.]
  ignore line: [COLLECT_GCC=/opt/software/GCC/4.8.2/bin/g++]
  ignore line: [COLLECT_LTO_WRAPPER=/opt/software/GCC/4.8.2/libexec/gcc/x86_64-unknown-linux-gnu/4.8.2/lto-wrapper]
  ignore line: [Target: x86_64-unknown-linux-gnu]
  ignore line: [Configured with: ../configure --prefix=/opt/software/GCC/4.8.2 --disable-multilib --with-gmp-include=/opt/software/GMP/5.1.3--GCC-4.4.5/include --with-gmp-lib=/opt/software/GMP/5.1.3--GCC-4.4.5/lib --with-mpfr-include=/opt/software/MPFR/3.1.2--GCC-4.4.5/include --with-mpfr-lib=/opt/software/MPFR/3.1.2--GCC-4.4.5/lib --with-mpc=/opt/software/MPC/1.0.1--GCC-4.4.5 --with-ppl-include=/opt/software/ppl/1.1--GCC-4.4.5/include --with-ppl-lib=/opt/software/ppl/1.1--GCC-4.4.5/lib --enable-languages=c,c++,fortran,java,lto,objc]
  ignore line: [Thread model: posix]
  ignore line: [gcc version 4.8.2 (GCC) ]
  ignore line: [COMPILER_PATH=/opt/software/GCC/4.8.2/libexec/gcc/x86_64-unknown-linux-gnu/4.8.2/:/opt/software/GCC/4.8.2/libexec/gcc/x86_64-unknown-linux-gnu/4.8.2/:/opt/software/GCC/4.8.2/libexec/gcc/x86_64-unknown-linux-gnu/:/opt/software/GCC/4.8.2/lib/gcc/x86_64-unknown-linux-gnu/4.8.2/:/opt/software/GCC/4.8.2/lib/gcc/x86_64-unknown-linux-gnu/]
  ignore line: [LIBRARY_PATH=/opt/software/GCC/4.8.2/lib64/../lib64/:/opt/software/GCC/4.8.2/lib/../lib64/:/opt/software/GCC/4.8.2/lib/gcc/x86_64-unknown-linux-gnu/4.8.2/:/opt/software/GCC/4.8.2/lib/gcc/x86_64-unknown-linux-gnu/4.8.2/../../../../lib64/:/lib/../lib64/:/usr/lib/../lib64/:/opt/software/R/3.1.0--GCC-4.8.2/lib64/R/lib/:/opt/software/ClusterStudio/2013sp1/composer_xe_2013_sp1.0.080/mkl/lib/intel64/:/opt/software/boost/1.55.0--GCC-4.8.2--OpenMPI-1.6.5/lib/:/opt/software/ClusterStudio/2011.0/composerxe-2011.5.220/tbb/lib/intel64/cc4.1.0_libc2.4_kernel2.6.16.21/irml/:/opt/software/ClusterStudio/2011.0/composerxe-2011.5.220/tbb/lib/intel64/cc4.1.0_libc2.4_kernel2.6.16.21/:/opt/software/OpenMPI/1.6.5--GCC-4.8.2/lib/:/opt/software/GCC/4.8.2/lib64/:/opt/software/GCC/4.8.2/lib/:/mnt/home/dunan/mysoftware/lib/:/opt/software/Python/2.7.2--GCC-4.4.5/lib/:/opt/software/GCC/4.8.2/lib/gcc/x86_64-unknown-linux-gnu/4.8.2/../../../:/lib/:/usr/lib/]
  ignore line: [COLLECT_GCC_OPTIONS='-v' '-o' 'cmTC_d4e19' '-shared-libgcc' '-mtune=generic' '-march=x86-64']
  link line: [ /opt/software/GCC/4.8.2/libexec/gcc/x86_64-unknown-linux-gnu/4.8.2/collect2 --eh-frame-hdr -m elf_x86_64 -dynamic-linker /lib64/ld-linux-x86-64.so.2 -o cmTC_d4e19 /usr/lib/../lib64/crt1.o /usr/lib/../lib64/crti.o /opt/software/GCC/4.8.2/lib/gcc/x86_64-unknown-linux-gnu/4.8.2/crtbegin.o -L/opt/software/GCC/4.8.2/lib64/../lib64 -L/opt/software/GCC/4.8.2/lib/../lib64 -L/opt/software/GCC/4.8.2/lib/gcc/x86_64-unknown-linux-gnu/4.8.2 -L/opt/software/GCC/4.8.2/lib/gcc/x86_64-unknown-linux-gnu/4.8.2/../../../../lib64 -L/lib/../lib64 -L/usr/lib/../lib64 -L/opt/software/R/3.1.0--GCC-4.8.2/lib64/R/lib -L/opt/software/ClusterStudio/2013sp1/composer_xe_2013_sp1.0.080/mkl/lib/intel64 -L/opt/software/boost/1.55.0--GCC-4.8.2--OpenMPI-1.6.5/lib -L/opt/software/ClusterStudio/2011.0/composerxe-2011.5.220/tbb/lib/intel64/cc4.1.0_libc2.4_kernel2.6.16.21/irml -L/opt/software/ClusterStudio/2011.0/composerxe-2011.5.220/tbb/lib/intel64/cc4.1.0_libc2.4_kernel2.6.16.21 -L/opt/software/OpenMPI/1.6.5--GCC-4.8.2/lib -L/opt/software/GCC/4.8.2/lib64 -L/opt/software/GCC/4.8.2/lib -L/mnt/home/dunan/mysoftware/lib -L/opt/software/Python/2.7.2--GCC-4.4.5/lib -L/opt/software/GCC/4.8.2/lib/gcc/x86_64-unknown-linux-gnu/4.8.2/../../.. CMakeFiles/cmTC_d4e19.dir/CMakeCXXCompilerABI.cpp.o -lstdc++ -lm -lgcc_s -lgcc -lc -lgcc_s -lgcc /opt/software/GCC/4.8.2/lib/gcc/x86_64-unknown-linux-gnu/4.8.2/crtend.o /usr/lib/../lib64/crtn.o]
    arg [/opt/software/GCC/4.8.2/libexec/gcc/x86_64-unknown-linux-gnu/4.8.2/collect2] ==> ignore
    arg [--eh-frame-hdr] ==> ignore
    arg [-m] ==> ignore
    arg [elf_x86_64] ==> ignore
    arg [-dynamic-linker] ==> ignore
    arg [/lib64/ld-linux-x86-64.so.2] ==> ignore
    arg [-o] ==> ignore
    arg [cmTC_d4e19] ==> ignore
    arg [/usr/lib/../lib64/crt1.o] ==> ignore
    arg [/usr/lib/../lib64/crti.o] ==> ignore
    arg [/opt/software/GCC/4.8.2/lib/gcc/x86_64-unknown-linux-gnu/4.8.2/crtbegin.o] ==> ignore
    arg [-L/opt/software/GCC/4.8.2/lib64/../lib64] ==> dir [/opt/software/GCC/4.8.2/lib64/../lib64]
    arg [-L/opt/software/GCC/4.8.2/lib/../lib64] ==> dir [/opt/software/GCC/4.8.2/lib/../lib64]
    arg [-L/opt/software/GCC/4.8.2/lib/gcc/x86_64-unknown-linux-gnu/4.8.2] ==> dir [/opt/software/GCC/4.8.2/lib/gcc/x86_64-unknown-linux-gnu/4.8.2]
    arg [-L/opt/software/GCC/4.8.2/lib/gcc/x86_64-unknown-linux-gnu/4.8.2/../../../../lib64] ==> dir [/opt/software/GCC/4.8.2/lib/gcc/x86_64-unknown-linux-gnu/4.8.2/../../../../lib64]
    arg [-L/lib/../lib64] ==> dir [/lib/../lib64]
    arg [-L/usr/lib/../lib64] ==> dir [/usr/lib/../lib64]
    arg [-L/opt/software/R/3.1.0--GCC-4.8.2/lib64/R/lib] ==> dir [/opt/software/R/3.1.0--GCC-4.8.2/lib64/R/lib]
    arg [-L/opt/software/ClusterStudio/2013sp1/composer_xe_2013_sp1.0.080/mkl/lib/intel64] ==> dir [/opt/software/ClusterStudio/2013sp1/composer_xe_2013_sp1.0.080/mkl/lib/intel64]
    arg [-L/opt/software/boost/1.55.0--GCC-4.8.2--OpenMPI-1.6.5/lib] ==> dir [/opt/software/boost/1.55.0--GCC-4.8.2--OpenMPI-1.6.5/lib]
    arg [-L/opt/software/ClusterStudio/2011.0/composerxe-2011.5.220/tbb/lib/intel64/cc4.1.0_libc2.4_kernel2.6.16.21/irml] ==> dir [/opt/software/ClusterStudio/2011.0/composerxe-2011.5.220/tbb/lib/intel64/cc4.1.0_libc2.4_kernel2.6.16.21/irml]
    arg [-L/opt/software/ClusterStudio/2011.0/composerxe-2011.5.220/tbb/lib/intel64/cc4.1.0_libc2.4_kernel2.6.16.21] ==> dir [/opt/software/ClusterStudio/2011.0/composerxe-2011.5.220/tbb/lib/intel64/cc4.1.0_libc2.4_kernel2.6.16.21]
    arg [-L/opt/software/OpenMPI/1.6.5--GCC-4.8.2/lib] ==> dir [/opt/software/OpenMPI/1.6.5--GCC-4.8.2/lib]
    arg [-L/opt/software/GCC/4.8.2/lib64] ==> dir [/opt/software/GCC/4.8.2/lib64]
    arg [-L/opt/software/GCC/4.8.2/lib] ==> dir [/opt/software/GCC/4.8.2/lib]
    arg [-L/mnt/home/dunan/mysoftware/lib] ==> dir [/mnt/home/dunan/mysoftware/lib]
    arg [-L/opt/software/Python/2.7.2--GCC-4.4.5/lib] ==> dir [/opt/software/Python/2.7.2--GCC-4.4.5/lib]
    arg [-L/opt/software/GCC/4.8.2/lib/gcc/x86_64-unknown-linux-gnu/4.8.2/../../..] ==> dir [/opt/software/GCC/4.8.2/lib/gcc/x86_64-unknown-linux-gnu/4.8.2/../../..]
    arg [CMakeFiles/cmTC_d4e19.dir/CMakeCXXCompilerABI.cpp.o] ==> ignore
    arg [-lstdc++] ==> lib [stdc++]
    arg [-lm] ==> lib [m]
    arg [-lgcc_s] ==> lib [gcc_s]
    arg [-lgcc] ==> lib [gcc]
    arg [-lc] ==> lib [c]
    arg [-lgcc_s] ==> lib [gcc_s]
    arg [-lgcc] ==> lib [gcc]
    arg [/opt/software/GCC/4.8.2/lib/gcc/x86_64-unknown-linux-gnu/4.8.2/crtend.o] ==> ignore
    arg [/usr/lib/../lib64/crtn.o] ==> ignore
  remove lib [gcc_s]
  remove lib [gcc]
  remove lib [gcc_s]
  remove lib [gcc]
  collapse library dir [/opt/software/GCC/4.8.2/lib64/../lib64] ==> [/opt/software/GCC/4.8.2/lib64]
  collapse library dir [/opt/software/GCC/4.8.2/lib/../lib64] ==> [/opt/software/GCC/4.8.2/lib64]
  collapse library dir [/opt/software/GCC/4.8.2/lib/gcc/x86_64-unknown-linux-gnu/4.8.2] ==> [/opt/software/GCC/4.8.2/lib/gcc/x86_64-unknown-linux-gnu/4.8.2]
  collapse library dir [/opt/software/GCC/4.8.2/lib/gcc/x86_64-unknown-linux-gnu/4.8.2/../../../../lib64] ==> [/opt/software/GCC/4.8.2/lib64]
  collapse library dir [/lib/../lib64] ==> [/lib64]
  collapse library dir [/usr/lib/../lib64] ==> [/usr/lib64]
  collapse library dir [/opt/software/R/3.1.0--GCC-4.8.2/lib64/R/lib] ==> [/opt/software/R/3.1.0--GCC-4.8.2/lib64/R/lib]
  collapse library dir [/opt/software/ClusterStudio/2013sp1/composer_xe_2013_sp1.0.080/mkl/lib/intel64] ==> [/opt/software/ClusterStudio/2013sp1/composer_xe_2013_sp1.0.080/mkl/lib/intel64]
  collapse library dir [/opt/software/boost/1.55.0--GCC-4.8.2--OpenMPI-1.6.5/lib] ==> [/opt/software/boost/1.55.0--GCC-4.8.2--OpenMPI-1.6.5/lib]
  collapse library dir [/opt/software/ClusterStudio/2011.0/composerxe-2011.5.220/tbb/lib/intel64/cc4.1.0_libc2.4_kernel2.6.16.21/irml] ==> [/opt/software/ClusterStudio/2011.0/composerxe-2011.5.220/tbb/lib/intel64/cc4.1.0_libc2.4_kernel2.6.16.21/irml]
  collapse library dir [/opt/software/ClusterStudio/2011.0/composerxe-2011.5.220/tbb/lib/intel64/cc4.1.0_libc2.4_kernel2.6.16.21] ==> [/opt/software/ClusterStudio/2011.0/composerxe-2011.5.220/tbb/lib/intel64/cc4.1.0_libc2.4_kernel2.6.16.21]
  collapse library dir [/opt/software/OpenMPI/1.6.5--GCC-4.8.2/lib] ==> [/opt/software/OpenMPI/1.6.5--GCC-4.8.2/lib]
  collapse library dir [/opt/software/GCC/4.8.2/lib64] ==> [/opt/software/GCC/4.8.2/lib64]
  collapse library dir [/opt/software/GCC/4.8.2/lib] ==> [/opt/software/GCC/4.8.2/lib]
  collapse library dir [/mnt/home/dunan/mysoftware/lib] ==> [/mnt/home/dunan/mysoftware/lib]
  collapse library dir [/opt/software/Python/2.7.2--GCC-4.4.5/lib] ==> [/opt/software/Python/2.7.2--GCC-4.4.5/lib]
  collapse library dir [/opt/software/GCC/4.8.2/lib/gcc/x86_64-unknown-linux-gnu/4.8.2/../../..] ==> [/opt/software/GCC/4.8.2/lib]
  implicit libs: [stdc++;m;c]
  implicit dirs: [/opt/software/GCC/4.8.2/lib64;/opt/software/GCC/4.8.2/lib/gcc/x86_64-unknown-linux-gnu/4.8.2;/lib64;/usr/lib64;/opt/software/R/3.1.0--GCC-4.8.2/lib64/R/lib;/opt/software/ClusterStudio/2013sp1/composer_xe_2013_sp1.0.080/mkl/lib/intel64;/opt/software/boost/1.55.0--GCC-4.8.2--OpenMPI-1.6.5/lib;/opt/software/ClusterStudio/2011.0/composerxe-2011.5.220/tbb/lib/intel64/cc4.1.0_libc2.4_kernel2.6.16.21/irml;/opt/software/ClusterStudio/2011.0/composerxe-2011.5.220/tbb/lib/intel64/cc4.1.0_libc2.4_kernel2.6.16.21;/opt/software/OpenMPI/1.6.5--GCC-4.8.2/lib;/opt/software/GCC/4.8.2/lib;/mnt/home/dunan/mysoftware/lib;/opt/software/Python/2.7.2--GCC-4.4.5/lib]
  implicit fwks: []




Detecting CXX [-std=c++1y] compiler features compiled with the following output:
Change Dir: /mnt/home/dunan/Job/2018/GroupK/GroupK/yass/CMakeFiles/CMakeTmp

Run Build Command:"/usr/bin/gmake" "cmTC_c0307/fast"
/usr/bin/gmake -f CMakeFiles/cmTC_c0307.dir/build.make CMakeFiles/cmTC_c0307.dir/build
gmake[1]: Entering directory `/mnt/home/dunan/Job/2018/GroupK/GroupK/yass/CMakeFiles/CMakeTmp'
Building CXX object CMakeFiles/cmTC_c0307.dir/feature_tests.cxx.o
/opt/software/GCC/4.8.2/bin/g++     -std=c++1y -o CMakeFiles/cmTC_c0307.dir/feature_tests.cxx.o -c /mnt/home/dunan/Job/2018/GroupK/GroupK/yass/CMakeFiles/feature_tests.cxx
Linking CXX executable cmTC_c0307
/opt/software/cmake/3.7.2--GCC-4.4.5/bin/cmake -E cmake_link_script CMakeFiles/cmTC_c0307.dir/link.txt --verbose=1
/opt/software/GCC/4.8.2/bin/g++        CMakeFiles/cmTC_c0307.dir/feature_tests.cxx.o  -o cmTC_c0307 
gmake[1]: Leaving directory `/mnt/home/dunan/Job/2018/GroupK/GroupK/yass/CMakeFiles/CMakeTmp'


    Feature record: CXX_FEATURE:0cxx_aggregate_default_initializers
    Feature record: CXX_FEATURE:1cxx_alias_templates
    Feature record: CXX_FEATURE:1cxx_alignas
    Feature record: CXX_FEATURE:1cxx_alignof
    Feature record: CXX_FEATURE:1cxx_attributes
    Feature record: CXX_FEATURE:0cxx_attribute_deprecated
    Feature record: CXX_FEATURE:1cxx_auto_type
    Feature record: CXX_FEATURE:0cxx_binary_literals
    Feature record: CXX_FEATURE:1cxx_constexpr
    Feature record: CXX_FEATURE:0cxx_contextual_conversions
    Feature record: CXX_FEATURE:1cxx_decltype
    Feature record: CXX_FEATURE:0cxx_decltype_auto
    Feature record: CXX_FEATURE:1cxx_decltype_incomplete_return_types
    Feature record: CXX_FEATURE:1cxx_default_function_template_args
    Feature record: CXX_FEATURE:1cxx_defaulted_functions
    Feature record: CXX_FEATURE:1cxx_defaulted_move_initializers
    Feature record: CXX_FEATURE:1cxx_delegating_constructors
    Feature record: CXX_FEATURE:1cxx_deleted_functions
    Feature record: CXX_FEATURE:0cxx_digit_separators
    Feature record: CXX_FEATURE:1cxx_enum_forward_declarations
    Feature record: CXX_FEATURE:1cxx_explicit_conversions
    Feature record: CXX_FEATURE:1cxx_extended_friend_declarations
    Feature record: CXX_FEATURE:1cxx_extern_templates
    Feature record: CXX_FEATURE:1cxx_final
    Feature record: CXX_FEATURE:1cxx_func_identifier
    Feature record: CXX_FEATURE:1cxx_generalized_initializers
    Feature record: CXX_FEATURE:0cxx_generic_lambdas
    Feature record: CXX_FEATURE:1cxx_inheriting_constructors
    Feature record: CXX_FEATURE:1cxx_inline_namespaces
    Feature record: CXX_FEATURE:1cxx_lambdas
    Feature record: CXX_FEATURE:0cxx_lambda_init_captures
    Feature record: CXX_FEATURE:1cxx_local_type_template_args
    Feature record: CXX_FEATURE:1cxx_long_long_type
    Feature record: CXX_FEATURE:1cxx_noexcept
    Feature record: CXX_FEATURE:1cxx_nonstatic_member_init
    Feature record: CXX_FEATURE:1cxx_nullptr
    Feature record: CXX_FEATURE:1cxx_override
    Feature record: CXX_FEATURE:1cxx_range_for
    Feature record: CXX_FEATURE:1cxx_raw_string_literals
    Feature record: CXX_FEATURE:1cxx_reference_qualified_functions
    Feature record: CXX_FEATURE:0cxx_relaxed_constexpr
    Feature record: CXX_FEATURE:0cxx_return_type_deduction
    Feature record: CXX_FEATURE:1cxx_right_angle_brackets
    Feature record: CXX_FEATURE:1cxx_rvalue_references
    Feature record: CXX_FEATURE:1cxx_sizeof_member
    Feature record: CXX_FEATURE:1cxx_static_assert
    Feature record: CXX_FEATURE:1cxx_strong_enums
    Feature record: CXX_FEATURE:1cxx_template_template_parameters
    Feature record: CXX_FEATURE:1cxx_thread_local
    Feature record: CXX_FEATURE:1cxx_trailing_return_types
    Feature record: CXX_FEATURE:1cxx_unicode_literals
    Feature record: CXX_FEATURE:1cxx_uniform_initialization
    Feature record: CXX_FEATURE:1cxx_unrestricted_unions
    Feature record: CXX_FEATURE:1cxx_user_literals
    Feature record: CXX_FEATURE:0cxx_variable_templates
    Feature record: CXX_FEATURE:1cxx_variadic_macros
    Feature record: CXX_FEATURE:1cxx_variadic_templates


Detecting CXX [-std=c++11] compiler features compiled with the following output:
Change Dir: /mnt/home/dunan/Job/2018/GroupK/GroupK/yass/CMakeFiles/CMakeTmp

Run Build Command:"/usr/bin/gmake" "cmTC_ec9b6/fast"
/usr/bin/gmake -f CMakeFiles/cmTC_ec9b6.dir/build.make CMakeFiles/cmTC_ec9b6.dir/build
gmake[1]: Entering directory `/mnt/home/dunan/Job/2018/GroupK/GroupK/yass/CMakeFiles/CMakeTmp'
Building CXX object CMakeFiles/cmTC_ec9b6.dir/feature_tests.cxx.o
/opt/software/GCC/4.8.2/bin/g++     -std=c++11 -o CMakeFiles/cmTC_ec9b6.dir/feature_tests.cxx.o -c /mnt/home/dunan/Job/2018/GroupK/GroupK/yass/CMakeFiles/feature_tests.cxx
Linking CXX executable cmTC_ec9b6
/opt/software/cmake/3.7.2--GCC-4.4.5/bin/cmake -E cmake_link_script CMakeFiles/cmTC_ec9b6.dir/link.txt --verbose=1
/opt/software/GCC/4.8.2/bin/g++        CMakeFiles/cmTC_ec9b6.dir/feature_tests.cxx.o  -o cmTC_ec9b6 
gmake[1]: Leaving directory `/mnt/home/dunan/Job/2018/GroupK/GroupK/yass/CMakeFiles/CMakeTmp'


    Feature record: CXX_FEATURE:0cxx_aggregate_default_initializers
    Feature record: CXX_FEATURE:1cxx_alias_templates
    Feature record: CXX_FEATURE:1cxx_alignas
    Feature record: CXX_FEATURE:1cxx_alignof
    Feature record: CXX_FEATURE:1cxx_attributes
    Feature record: CXX_FEATURE:0cxx_attribute_deprecated
    Feature record: CXX_FEATURE:1cxx_auto_type
    Feature record: CXX_FEATURE:0cxx_binary_literals
    Feature record: CXX_FEATURE:1cxx_constexpr
    Feature record: CXX_FEATURE:0cxx_contextual_conversions
    Feature record: CXX_FEATURE:1cxx_decltype
    Feature record: CXX_FEATURE:0cxx_decltype_auto
    Feature record: CXX_FEATURE:1cxx_decltype_incomplete_return_types
    Feature record: CXX_FEATURE:1cxx_default_function_template_args
    Feature record: CXX_FEATURE:1cxx_defaulted_functions
    Feature record: CXX_FEATURE:1cxx_defaulted_move_initializers
    Feature record: CXX_FEATURE:1cxx_delegating_constructors
    Feature record: CXX_FEATURE:1cxx_deleted_functions
    Feature record: CXX_FEATURE:0cxx_digit_separators
    Feature record: CXX_FEATURE:1cxx_enum_forward_declarations
    Feature record: CXX_FEATURE:1cxx_explicit_conversions
    Feature record: CXX_FEATURE:1cxx_extended_friend_declarations
    Feature record: CXX_FEATURE:1cxx_extern_templates
    Feature record: CXX_FEATURE:1cxx_final
    Feature record: CXX_FEATURE:1cxx_func_identifier
    Feature record: CXX_FEATURE:1cxx_generalized_initializers
    Feature record: CXX_FEATURE:0cxx_generic_lambdas
    Feature record: CXX_FEATURE:1cxx_inheriting_constructors
    Feature record: CXX_FEATURE:1cxx_inline_namespaces
    Feature record: CXX_FEATURE:1cxx_lambdas
    Feature record: CXX_FEATURE:0cxx_lambda_init_captures
    Feature record: CXX_FEATURE:1cxx_local_type_template_args
    Feature record: CXX_FEATURE:1cxx_long_long_type
    Feature record: CXX_FEATURE:1cxx_noexcept
    Feature record: CXX_FEATURE:1cxx_nonstatic_member_init
    Feature record: CXX_FEATURE:1cxx_nullptr
    Feature record: CXX_FEATURE:1cxx_override
    Feature record: CXX_FEATURE:1cxx_range_for
    Feature record: CXX_FEATURE:1cxx_raw_string_literals
    Feature record: CXX_FEATURE:1cxx_reference_qualified_functions
    Feature record: CXX_FEATURE:0cxx_relaxed_constexpr
    Feature record: CXX_FEATURE:0cxx_return_type_deduction
    Feature record: CXX_FEATURE:1cxx_right_angle_brackets
    Feature record: CXX_FEATURE:1cxx_rvalue_references
    Feature record: CXX_FEATURE:1cxx_sizeof_member
    Feature record: CXX_FEATURE:1cxx_static_assert
    Feature record: CXX_FEATURE:1cxx_strong_enums
    Feature record: CXX_FEATURE:1cxx_template_template_parameters
    Feature record: CXX_FEATURE:1cxx_thread_local
    Feature record: CXX_FEATURE:1cxx_trailing_return_types
    Feature record: CXX_FEATURE:1cxx_unicode_literals
    Feature record: CXX_FEATURE:1cxx_uniform_initialization
    Feature record: CXX_FEATURE:1cxx_unrestricted_unions
    Feature record: CXX_FEATURE:1cxx_user_literals
    Feature record: CXX_FEATURE:0cxx_variable_templates
    Feature record: CXX_FEATURE:1cxx_variadic_macros
    Feature record: CXX_FEATURE:1cxx_variadic_templates


Detecting CXX [-std=c++98] compiler features compiled with the following output:
Change Dir: /mnt/home/dunan/Job/2018/GroupK/GroupK/yass/CMakeFiles/CMakeTmp

Run Build Command:"/usr/bin/gmake" "cmTC_403e8/fast"
/usr/bin/gmake -f CMakeFiles/cmTC_403e8.dir/build.make CMakeFiles/cmTC_403e8.dir/build
gmake[1]: Entering directory `/mnt/home/dunan/Job/2018/GroupK/GroupK/yass/CMakeFiles/CMakeTmp'
Building CXX object CMakeFiles/cmTC_403e8.dir/feature_tests.cxx.o
/opt/software/GCC/4.8.2/bin/g++     -std=c++98 -o CMakeFiles/cmTC_403e8.dir/feature_tests.cxx.o -c /mnt/home/dunan/Job/2018/GroupK/GroupK/yass/CMakeFiles/feature_tests.cxx
Linking CXX executable cmTC_403e8
/opt/software/cmake/3.7.2--GCC-4.4.5/bin/cmake -E cmake_link_script CMakeFiles/cmTC_403e8.dir/link.txt --verbose=1
/opt/software/GCC/4.8.2/bin/g++        CMakeFiles/cmTC_403e8.dir/feature_tests.cxx.o  -o cmTC_403e8 
gmake[1]: Leaving directory `/mnt/home/dunan/Job/2018/GroupK/GroupK/yass/CMakeFiles/CMakeTmp'


    Feature record: CXX_FEATURE:0cxx_aggregate_default_initializers
    Feature record: CXX_FEATURE:0cxx_alias_templates
    Feature record: CXX_FEATURE:0cxx_alignas
    Feature record: CXX_FEATURE:0cxx_alignof
    Feature record: CXX_FEATURE:0cxx_attributes
    Feature record: CXX_FEATURE:0cxx_attribute_deprecated
    Feature record: CXX_FEATURE:0cxx_auto_type
    Feature record: CXX_FEATURE:0cxx_binary_literals
    Feature record: CXX_FEATURE:0cxx_constexpr
    Feature record: CXX_FEATURE:0cxx_contextual_conversions
    Feature record: CXX_FEATURE:0cxx_decltype
    Feature record: CXX_FEATURE:0cxx_decltype_auto
    Feature record: CXX_FEATURE:0cxx_decltype_incomplete_return_types
    Feature record: CXX_FEATURE:0cxx_default_function_template_args
    Feature record: CXX_FEATURE:0cxx_defaulted_functions
    Feature record: CXX_FEATURE:0cxx_defaulted_move_initializers
    Feature record: CXX_FEATURE:0cxx_delegating_constructors
    Feature record: CXX_FEATURE:0cxx_deleted_functions
    Feature record: CXX_FEATURE:0cxx_digit_separators
    Feature record: CXX_FEATURE:0cxx_enum_forward_declarations
    Feature record: CXX_FEATURE:0cxx_explicit_conversions
    Feature record: CXX_FEATURE:0cxx_extended_friend_declarations
    Feature record: CXX_FEATURE:0cxx_extern_templates
    Feature record: CXX_FEATURE:0cxx_final
    Feature record: CXX_FEATURE:0cxx_func_identifier
    Feature record: CXX_FEATURE:0cxx_generalized_initializers
    Feature record: CXX_FEATURE:0cxx_generic_lambdas
    Feature record: CXX_FEATURE:0cxx_inheriting_constructors
    Feature record: CXX_FEATURE:0cxx_inline_namespaces
    Feature record: CXX_FEATURE:0cxx_lambdas
    Feature record: CXX_FEATURE:0cxx_lambda_init_captures
    Feature record: CXX_FEATURE:0cxx_local_type_template_args
    Feature record: CXX_FEATURE:0cxx_long_long_type
    Feature record: CXX_FEATURE:0cxx_noexcept
    Feature record: CXX_FEATURE:0cxx_nonstatic_member_init
    Feature record: CXX_FEATURE:0cxx_nullptr
    Feature record: CXX_FEATURE:0cxx_override
    Feature record: CXX_FEATURE:0cxx_range_for
    Feature record: CXX_FEATURE:0cxx_raw_string_literals
    Feature record: CXX_FEATURE:0cxx_reference_qualified_functions
    Feature record: CXX_FEATURE:0cxx_relaxed_constexpr
    Feature record: CXX_FEATURE:0cxx_return_type_deduction
    Feature record: CXX_FEATURE:0cxx_right_angle_brackets
    Feature record: CXX_FEATURE:0cxx_rvalue_references
    Feature record: CXX_FEATURE:0cxx_sizeof_member
    Feature record: CXX_FEATURE:0cxx_static_assert
    Feature record: CXX_FEATURE:0cxx_strong_enums
    Feature record: CXX_FEATURE:1cxx_template_template_parameters
    Feature record: CXX_FEATURE:0cxx_thread_local
    Feature record: CXX_FEATURE:0cxx_trailing_return_types
    Feature record: CXX_FEATURE:0cxx_unicode_literals
    Feature record: CXX_FEATURE:0cxx_uniform_initialization
    Feature record: CXX_FEATURE:0cxx_unrestricted_unions
    Feature record: CXX_FEATURE:0cxx_user_literals
    Feature record: CXX_FEATURE:0cxx_variable_templates
    Feature record: CXX_FEATURE:0cxx_variadic_macros
    Feature record: CXX_FEATURE:0cxx_variadic_templates
