Multiple
print tuple group
print tuple group
109	4971	10	
print tuple group
303	467	11	
print tuple group
319	2921	10	
print tuple group
775	3570	10	
print tuple group
1014	2258	11	
print tuple group
1432	4562	10	
print tuple group
1614	5300	10	
print tuple group
1709	1756	10	
print tuple group
2286	6114	10	
print tuple group
2304	7402	10	
print tuple group
2597	5136	10	
print tuple group
2702	4680	11	
print tuple group
2760	6524	11	
print tuple group
3180	5280	10	
print tuple group
3185	5826	10	
print tuple group
4075	5819	12	
print tuple group
4090	7960	10	
print tuple group
4195	4809	10	
print tuple group
4319	5096	11	
print tuple group
4339	5116	10	
print tuple group
4384	9188	10	
print tuple group
4519	6865	10	
print tuple group
4756	5443	10	
print tuple group
4852	9196	11	
print tuple group
5106	7762	11	
Multiple
print tuple group
print tuple group
70	4369	11	
print tuple group
69	2195	10	
print tuple group
122	395	10	
print tuple group
294	3430	10	
print tuple group
294	2660	10	
print tuple group
311	807	11	
print tuple group
462	2202	10	
print tuple group
482	3005	11	
print tuple group
814	3801	10	
print tuple group
928	1287	10	
print tuple group
1121	2063	10	
print tuple group
1339	1917	11	
print tuple group
1362	3145	10	
print tuple group
1520	5776	10	
print tuple group
1753	2201	10	
print tuple group
1833	6735	10	
print tuple group
1855	2134	10	
print tuple group
1864	5983	11	
print tuple group
1919	6249	10	
print tuple group
1978	3338	10	
print tuple group
2112	7373	9	
2123	7374	9	
print tuple group
2222	3383	10	
print tuple group
2246	2858	10	
print tuple group
2315	7409	11	
print tuple group
2458	7623	11	
print tuple group
2555	7455	15	
2665	7448	10	
2715	7440	12	
2729	7439	10	
2747	7438	11	
2775	7434	11	
2783	7435	9	
2798	7433	12	
2807	7434	9	
2838	7425	10	
2907	7417	9	
2936	7410	9	
2980	7400	11	
3010	7400	14	
3120	7395	23	
3143	7397	13	
3156	7396	12	
3178	7396	12	
3188	7398	10	
3195	7397	9	
3225	7397	17	
3255	7389	10	
3267	7388	12	
3275	7385	9	
3292	7389	9	
3308	7388	11	
3344	7384	12	
print tuple group
2885	3487	10	
print tuple group
3010	6295	11	
print tuple group
3026	3902	12	
print tuple group
3416	7372	10	
3455	7369	14	
3498	7362	10	
print tuple group
3488	4924	10	
print tuple group
3555	7346	12	
3569	7347	9	
3594	7343	9	
3611	7343	9	
3617	7342	10	
3642	7338	21	
print tuple group
3668	7322	12	
3675	7321	11	
3697	7320	22	
3709	7321	14	
3725	7316	9	
3822	7328	19	
3832	7327	12	
3862	7321	18	
print tuple group
3719	3969	10	
print tuple group
3908	7306	12	
3919	7304	11	
3937	7300	15	
print tuple group
3986	7285	10	
print tuple group
4101	7268	9	
4128	7262	12	
4193	7263	11	
4210	7262	9	
4227	7260	10	
print tuple group
4127	6492	11	
print tuple group
4170	8001	10	
print tuple group
4189	6271	10	
print tuple group
4309	7245	16	
print tuple group
4367	7233	10	
4399	7225	12	
print tuple group
4426	9410	10	
print tuple group
4480	7210	9	
4499	7200	9	
print tuple group
4588	5943	10	
print tuple group
4592	7183	11	
4599	7184	9	
4626	7173	9	
4646	7170	10	
4661	7169	18	
4691	7167	9	
4703	7169	11	
print tuple group
4596	8703	10	
print tuple group
4779	7156	10	
4796	7156	9	
4811	7154	9	
print tuple group
4905	7126	9	
4941	7122	10	
4946	7120	9	
4975	7112	9	
4993	7112	15	
5032	7109	15	
5048	7108	16	
5062	7106	9	
5071	7108	9	
5086	7108	13	
5148	7111	9	
5166	7109	9	
print tuple group
5060	5430	10	
print tuple group
5104	5476	10	
